00:00:00.628407 VirtualBox GUI VM Selector Window 7.0.14 r161095 linux.amd64 (Jan 15 2024 15:32:14) release log
00:00:00.628411 Log opened 2024-04-02T04:24:19.581718000Z
00:00:00.628412 Build Type: release
00:00:00.628419 OS Product: Linux
00:00:00.628420 OS Release: 6.7.10-200.fc39.x86_64
00:00:00.628422 OS Version: #1 SMP PREEMPT_DYNAMIC Mon Mar 18 18:56:52 UTC 2024
00:00:00.628466 DMI Product Name: N13_N140ZU                      
00:00:00.628479 DMI Product Version: Not Applicable                  
00:00:00.628493 Firmware type: UEFI
00:00:00.629512 Secure Boot: Disabled
00:00:00.629585 Host RAM: 31795MB (31.0GB) total, 21725MB (21.2GB) available
00:00:00.629621 Executable: /usr/lib/virtualbox/VirtualBox
00:00:00.629622 Process ID: 116374
00:00:00.629623 Package type: LINUX_64BITS_FEDORA_36
00:00:00.629673 Qt version: 5.15.12
00:00:00.630670 GUI: UIMediumEnumerator: Initial medium-enumeration finished!
00:00:00.658619 GUI: UIMediumEnumerator: Medium-enumeration started...
00:00:01.435093 GUI: UIDesktopWidgetWatchdog::sltHandleHostScreenAvailableGeometryCalculated: Screen 0 work area is actually resized to: 1920x0 x 1920x1032
00:00:01.439456 GUI: UIDesktopWidgetWatchdog::sltHandleHostScreenAvailableGeometryCalculated: Screen 1 work area is actually resized to: 0x0 x 1920x1032
00:00:01.449493 GUI: UIMediumEnumerator: Medium-enumeration finished!
00:00:04.553331 GUI: UIMediumEnumerator: Medium-enumeration finished!
00:00:07.587106 GUI: UIMediumEnumerator: Medium-enumeration finished!
00:00:07.873651 GUI: UIMediumEnumerator: Medium-enumeration finished!
00:00:09.650707 GUI: UIMediumEnumerator: Medium-enumeration finished!
00:00:13.390695 GUI: UIMediumEnumerator: Medium-enumeration finished!
00:00:31.891514 GUI: UIMediumEnumerator: Medium-enumeration finished!
00:02:13.046486 GUI: UIMediumEnumerator: Medium-enumeration finished!
00:02:13.058543 GUI: UIMediumEnumerator: Medium-enumeration finished!
00:02:18.283347 GUI: UIMediumEnumerator: Medium-enumeration finished!
00:02:18.839676 GUI: UIMediumEnumerator: Medium-enumeration finished!
00:02:24.116683 GUI: UIMediumEnumerator: Medium-enumeration finished!
00:02:24.179243 GUI: UIMediumEnumerator: Medium-enumeration finished!
00:02:24.221313 GUI: UIMediumEnumerator: Medium-enumeration finished!
00:02:24.271139 GUI: UIMediumEnumerator: Medium-enumeration finished!
00:02:24.359761 GUI: UIMediumEnumerator: Medium-enumeration finished!
00:02:24.372070 GUI: UIMediumEnumerator: Medium-enumeration finished!
00:02:24.424411 GUI: UIMediumEnumerator: Medium-enumeration finished!
00:02:24.469840 GUI: UIMediumEnumerator: Medium-enumeration finished!
00:02:24.539017 GUI: UIMediumEnumerator: Medium-enumeration finished!
00:02:24.606587 GUI: UIMediumEnumerator: Medium-enumeration finished!
00:02:24.869496 GUI: UIMediumEnumerator: Medium-enumeration finished!
00:02:25.218666 GUI: UIMediumEnumerator: Medium-enumeration finished!
00:02:25.244981 GUI: UIMediumEnumerator: Medium-enumeration finished!
00:02:26.776098 GUI: UIMediumEnumerator: Medium-enumeration finished!
00:02:29.159573 GUI: UIMediumEnumerator: Medium-enumeration finished!
00:02:29.249343 GUI: UIMediumEnumerator: Medium-enumeration finished!
00:02:29.279024 GUI: UIMediumEnumerator: Medium-enumeration finished!
00:02:29.341813 GUI: UIMediumEnumerator: Medium-enumeration finished!
00:02:29.424074 GUI: UIMediumEnumerator: Medium-enumeration finished!
00:02:29.501356 GUI: UIMediumEnumerator: Medium-enumeration finished!
00:02:29.790403 GUI: UIMediumEnumerator: Medium-enumeration finished!
00:07:50.666264 GUI: UICommon: Handling aboutToQuit request..
00:07:51.359666 GUI: UICommon: aboutToQuit request handled!
