00:00:00.002933 main     VirtualBox XPCOM Server 7.0.14 r161095 linux.amd64 (Jan 15 2024 15:32:14) release log
00:00:00.002940 main     Log opened 2024-04-02T04:24:19.356412000Z
00:00:00.002941 main     Build Type: release
00:00:00.002954 main     OS Product: Linux
00:00:00.002956 main     OS Release: 6.7.10-200.fc39.x86_64
00:00:00.002957 main     OS Version: #1 SMP PREEMPT_DYNAMIC Mon Mar 18 18:56:52 UTC 2024
00:00:00.002994 main     DMI Product Name: N13_N140ZU                      
00:00:00.003007 main     DMI Product Version: Not Applicable                  
00:00:00.003018 main     Firmware type: UEFI
00:00:00.004333 main     Secure Boot: Disabled
00:00:00.004430 main     Host RAM: 31795MB (31.0GB) total, 21741MB (21.2GB) available
00:00:00.004438 main     Executable: /usr/lib/virtualbox/VBoxSVC
00:00:00.004439 main     Process ID: 116406
00:00:00.004450 main     Package type: LINUX_64BITS_FEDORA_36
00:00:00.006982 main     IPC socket path: /tmp/.vbox-morven-ipc/ipcd
00:00:00.115796 nspr-2   VirtualBox: object creation starts
00:00:00.115924 nspr-2   Home directory: '/home/morven/.config/VirtualBox'
00:00:00.116232 nspr-2   Loading settings file "/home/morven/.config/VirtualBox/VirtualBox.xml" with version "1.12-linux"
00:00:00.128230 nspr-2   NetIfAdpCtlOut: VBoxNetAdpCtl: Error while retrieving link speed for wlp0s20f3: VBoxNetAdpCtl: ioctl failed: Operation not supported
00:00:00.129865 nspr-2   HostDnsMonitor: initializing
00:00:00.130152 nspr-2   NAT: resolv.conf: nameserver 127.0.0.53
00:00:00.130170 nspr-2   NAT: resolv.conf: ignoring "options edns0 trust-ad"
00:00:00.130188 nspr-2   HostDnsMonitor: updating information
00:00:00.130210 nspr-2   HostDnsMonitor: old information
00:00:00.130215 nspr-2     no server entries
00:00:00.130220 nspr-2     no domain set
00:00:00.130224 nspr-2     no search string entries
00:00:00.130229 nspr-2   HostDnsMonitor: new information
00:00:00.130233 nspr-2     server 1: 127.0.0.53
00:00:00.130238 nspr-2     domain: www.tendawifi.com
00:00:00.130243 nspr-2     search string 1: www.tendawifi.com
00:00:00.134216 nspr-2   VD: VDInit finished with VINF_SUCCESS
00:00:00.151757 nspr-2   Loading settings file "/home/morven/VirtualBox VMs/Ubuntu/Ubuntu.vbox" with version "1.19-linux"
00:00:00.153305 nspr-2   OCI: Local config file '/home/morven/.config/VirtualBox/oci_config' does not exist
00:00:00.153331 nspr-2   OCI: Original config file '/home/morven/.oci/config' does not exist
00:00:00.153338 nspr-2   OCI: Reading profiles finished with status NS_OK
00:00:00.153347 nspr-2   ExtPack: Created cloud provider 'OCI' (hrc=NS_OK)
00:00:00.153399 nspr-2   VirtualBox: object created
00:00:00.235669 nspr-4   Saving settings file "/home/morven/.config/VirtualBox/VirtualBox.xml" with version "1.12-linux"
00:00:00.240772 nspr-4   Finished saving settings file "/home/morven/.config/VirtualBox/VirtualBox.xml"
00:00:00.241792 nspr-4   Saving settings file "/home/morven/.config/VirtualBox/VirtualBox.xml" with version "1.12-linux"
00:00:00.244997 nspr-4   Finished saving settings file "/home/morven/.config/VirtualBox/VirtualBox.xml"
00:00:00.245357 nspr-4   Saving settings file "/home/morven/.config/VirtualBox/VirtualBox.xml" with version "1.12-linux"
00:00:00.248507 nspr-4   Finished saving settings file "/home/morven/.config/VirtualBox/VirtualBox.xml"
00:00:01.052551 nspr-3   WARNING [COM]: aRC=NS_ERROR_FAILURE (0x80004005) aIID={e54f6256-97a7-4947-8a78-10c013ddf4b8} aComponent={HostWrap} aText={VirtualBox is not currently allowed to access USB devices.  You can change this by adding your user to the 'vboxusers' group.  Please see the user manual for a more detailed explanation}, preserve=true aResultDetail=0
00:00:01.053554 nspr-2   WARNING [COM]: aRC=NS_ERROR_FAILURE (0x80004005) aIID={e54f6256-97a7-4947-8a78-10c013ddf4b8} aComponent={HostWrap} aText={VirtualBox is not currently allowed to access USB devices.  You can change this by adding your user to the 'vboxusers' group.  Please see the user manual for a more detailed explanation}, preserve=false aResultDetail=0
00:00:01.095554 nspr-2   ERROR [COM]: aRC=VBOX_E_INVALID_VM_STATE (0x80bb0002) aIID={300763af-5d6b-46e6-aa96-273eac15538a} aComponent={MachineWrap} aText={The machine is not mutable (state is PoweredOff)}, preserve=false aResultDetail=0
00:00:01.282271 nspr-2   WARNING [COM]: aRC=NS_ERROR_FAILURE (0x80004005) aIID={e54f6256-97a7-4947-8a78-10c013ddf4b8} aComponent={HostWrap} aText={VirtualBox is not currently allowed to access USB devices.  You can change this by adding your user to the 'vboxusers' group.  Please see the user manual for a more detailed explanation}, preserve=true aResultDetail=0
00:00:01.283782 nspr-2   WARNING [COM]: aRC=NS_ERROR_FAILURE (0x80004005) aIID={e54f6256-97a7-4947-8a78-10c013ddf4b8} aComponent={HostWrap} aText={VirtualBox is not currently allowed to access USB devices.  You can change this by adding your user to the 'vboxusers' group.  Please see the user manual for a more detailed explanation}, preserve=true aResultDetail=0
00:00:02.639618 nspr-4   Launched VM: 1879057824 pid: 116440 (0x1c6d8) frontend: GUI/Qt name: Ubuntu
00:00:02.676978 nspr-5   ERROR [COM]: aRC=VBOX_E_INVALID_VM_STATE (0x80bb0002) aIID={300763af-5d6b-46e6-aa96-273eac15538a} aComponent={MachineWrap} aText={The machine is not mutable (state is PoweredOff)}, preserve=false aResultDetail=0
00:00:02.712376 nspr-5   WARNING [COM]: aRC=NS_ERROR_FAILURE (0x80004005) aIID={e54f6256-97a7-4947-8a78-10c013ddf4b8} aComponent={HostWrap} aText={VirtualBox is not currently allowed to access USB devices.  You can change this by adding your user to the 'vboxusers' group.  Please see the user manual for a more detailed explanation}, preserve=true aResultDetail=0
00:00:02.713870 nspr-5   WARNING [COM]: aRC=NS_ERROR_FAILURE (0x80004005) aIID={e54f6256-97a7-4947-8a78-10c013ddf4b8} aComponent={HostWrap} aText={VirtualBox is not currently allowed to access USB devices.  You can change this by adding your user to the 'vboxusers' group.  Please see the user manual for a more detailed explanation}, preserve=true aResultDetail=0
00:00:02.986741 nspr-7   ERROR [COM]: aRC=VBOX_E_INVALID_VM_STATE (0x80bb0002) aIID={300763af-5d6b-46e6-aa96-273eac15538a} aComponent={MachineWrap} aText={The machine is not mutable (state is PoweredOff)}, preserve=false aResultDetail=0
00:00:03.006278 nspr-8   WARNING [COM]: aRC=NS_ERROR_FAILURE (0x80004005) aIID={e54f6256-97a7-4947-8a78-10c013ddf4b8} aComponent={HostWrap} aText={VirtualBox is not currently allowed to access USB devices.  You can change this by adding your user to the 'vboxusers' group.  Please see the user manual for a more detailed explanation}, preserve=true aResultDetail=0
00:00:03.007680 nspr-8   WARNING [COM]: aRC=NS_ERROR_FAILURE (0x80004005) aIID={e54f6256-97a7-4947-8a78-10c013ddf4b8} aComponent={HostWrap} aText={VirtualBox is not currently allowed to access USB devices.  You can change this by adding your user to the 'vboxusers' group.  Please see the user manual for a more detailed explanation}, preserve=true aResultDetail=0
00:00:03.759022 nspr-6   WARNING [COM]: aRC=NS_ERROR_FAILURE (0x80004005) aIID={e54f6256-97a7-4947-8a78-10c013ddf4b8} aComponent={HostWrap} aText={VirtualBox is not currently allowed to access USB devices.  You can change this by adding your user to the 'vboxusers' group.  Please see the user manual for a more detailed explanation}, preserve=true aResultDetail=0
00:00:03.759798 nspr-4   WARNING [COM]: aRC=NS_ERROR_FAILURE (0x80004005) aIID={e54f6256-97a7-4947-8a78-10c013ddf4b8} aComponent={HostWrap} aText={VirtualBox is not currently allowed to access USB devices.  You can change this by adding your user to the 'vboxusers' group.  Please see the user manual for a more detailed explanation}, preserve=true aResultDetail=0
00:00:03.762098 nspr-6   Load [/usr/lib/virtualbox/ExtensionPacks/Oracle_VM_VirtualBox_Extension_Pack/linux.amd64/VBoxHostWebcam.so] vrc=VINF_SUCCESS
00:00:03.763421 nspr-4   WARNING [COM]: aRC=NS_ERROR_FAILURE (0x80004005) aIID={e54f6256-97a7-4947-8a78-10c013ddf4b8} aComponent={HostWrap} aText={VirtualBox is not currently allowed to access USB devices.  You can change this by adding your user to the 'vboxusers' group.  Please see the user manual for a more detailed explanation}, preserve=true aResultDetail=0
00:00:03.815016 nspr-6   WARNING [COM]: aRC=NS_ERROR_FAILURE (0x80004005) aIID={e54f6256-97a7-4947-8a78-10c013ddf4b8} aComponent={HostWrap} aText={VirtualBox is not currently allowed to access USB devices.  You can change this by adding your user to the 'vboxusers' group.  Please see the user manual for a more detailed explanation}, preserve=true aResultDetail=0
00:00:03.816080 nspr-4   WARNING [COM]: aRC=NS_ERROR_FAILURE (0x80004005) aIID={e54f6256-97a7-4947-8a78-10c013ddf4b8} aComponent={HostWrap} aText={VirtualBox is not currently allowed to access USB devices.  You can change this by adding your user to the 'vboxusers' group.  Please see the user manual for a more detailed explanation}, preserve=true aResultDetail=0
00:00:03.839044 nspr-6   ERROR [COM]: aRC=VBOX_E_IPRT_ERROR (0x80bb0005) aIID={300763af-5d6b-46e6-aa96-273eac15538a} aComponent={SessionMachine} aText={Saved screenshot data is not available (VERR_NOT_SUPPORTED)}, preserve=false aResultDetail=-37
00:00:03.887799 nspr-4   NetIfAdpCtlOut: VBoxNetAdpCtl: Error while retrieving link speed for wlp0s20f3: VBoxNetAdpCtl: ioctl failed: Operation not supported
00:00:03.893366 nspr-4   WARNING [COM]: aRC=NS_ERROR_FAILURE (0x80004005) aIID={e54f6256-97a7-4947-8a78-10c013ddf4b8} aComponent={HostWrap} aText={VirtualBox is not currently allowed to access USB devices.  You can change this by adding your user to the 'vboxusers' group.  Please see the user manual for a more detailed explanation}, preserve=false aResultDetail=0
00:00:03.894314 nspr-6   WARNING [COM]: aRC=NS_ERROR_FAILURE (0x80004005) aIID={e54f6256-97a7-4947-8a78-10c013ddf4b8} aComponent={HostWrap} aText={VirtualBox is not currently allowed to access USB devices.  You can change this by adding your user to the 'vboxusers' group.  Please see the user manual for a more detailed explanation}, preserve=true aResultDetail=0
00:00:03.894578 nspr-4   WARNING [COM]: aRC=NS_ERROR_FAILURE (0x80004005) aIID={e54f6256-97a7-4947-8a78-10c013ddf4b8} aComponent={HostWrap} aText={VirtualBox is not currently allowed to access USB devices.  You can change this by adding your user to the 'vboxusers' group.  Please see the user manual for a more detailed explanation}, preserve=true aResultDetail=0
00:00:03.927024 nspr-2   WARNING [COM]: aRC=NS_ERROR_FAILURE (0x80004005) aIID={e54f6256-97a7-4947-8a78-10c013ddf4b8} aComponent={HostWrap} aText={VirtualBox is not currently allowed to access USB devices.  You can change this by adding your user to the 'vboxusers' group.  Please see the user manual for a more detailed explanation}, preserve=true aResultDetail=0
00:00:03.950465 nspr-2   WARNING [COM]: aRC=NS_ERROR_FAILURE (0x80004005) aIID={e54f6256-97a7-4947-8a78-10c013ddf4b8} aComponent={HostWrap} aText={VirtualBox is not currently allowed to access USB devices.  You can change this by adding your user to the 'vboxusers' group.  Please see the user manual for a more detailed explanation}, preserve=true aResultDetail=0
00:00:03.953585 nspr-2   ERROR [COM]: aRC=VBOX_E_INVALID_VM_STATE (0x80bb0002) aIID={300763af-5d6b-46e6-aa96-273eac15538a} aComponent={MachineWrap} aText={The machine is not mutable (state is Starting)}, preserve=false aResultDetail=0
00:00:03.974174 nspr-2   NetIfAdpCtlOut: VBoxNetAdpCtl: Error while retrieving link speed for wlp0s20f3: VBoxNetAdpCtl: ioctl failed: Operation not supported
00:00:03.984662 nspr-5   WARNING [COM]: aRC=NS_ERROR_FAILURE (0x80004005) aIID={e54f6256-97a7-4947-8a78-10c013ddf4b8} aComponent={HostWrap} aText={VirtualBox is not currently allowed to access USB devices.  You can change this by adding your user to the 'vboxusers' group.  Please see the user manual for a more detailed explanation}, preserve=true aResultDetail=0
00:00:03.986279 nspr-5   WARNING [COM]: aRC=NS_ERROR_FAILURE (0x80004005) aIID={e54f6256-97a7-4947-8a78-10c013ddf4b8} aComponent={HostWrap} aText={VirtualBox is not currently allowed to access USB devices.  You can change this by adding your user to the 'vboxusers' group.  Please see the user manual for a more detailed explanation}, preserve=true aResultDetail=0
00:00:04.133537 nspr-5   Saving settings file "/home/morven/VirtualBox VMs/Ubuntu/Ubuntu.vbox" with version "1.19-linux"
00:00:04.144163 nspr-5   Finished saving settings file "/home/morven/VirtualBox VMs/Ubuntu/Ubuntu.vbox"
00:00:04.149486 nspr-2   ERROR [COM]: aRC=VBOX_E_OBJECT_NOT_FOUND (0x80bb0001) aIID={ad47ad09-787b-44ab-b343-a082a3f2dfb1} aComponent={MediumWrap} aText={Property 'CRYPT/KeyId' does not exist}, preserve=false aResultDetail=0
00:00:04.234013 nspr-6   WARNING [COM]: aRC=NS_ERROR_FAILURE (0x80004005) aIID={e54f6256-97a7-4947-8a78-10c013ddf4b8} aComponent={HostWrap} aText={VirtualBox is not currently allowed to access USB devices.  You can change this by adding your user to the 'vboxusers' group.  Please see the user manual for a more detailed explanation}, preserve=true aResultDetail=0
00:00:04.263845 nspr-4   ERROR [COM]: aRC=VBOX_E_INVALID_VM_STATE (0x80bb0002) aIID={300763af-5d6b-46e6-aa96-273eac15538a} aComponent={MachineWrap} aText={The machine is not mutable (state is Running)}, preserve=false aResultDetail=0
00:00:04.315602 nspr-7   WARNING [COM]: aRC=NS_ERROR_FAILURE (0x80004005) aIID={e54f6256-97a7-4947-8a78-10c013ddf4b8} aComponent={HostWrap} aText={VirtualBox is not currently allowed to access USB devices.  You can change this by adding your user to the 'vboxusers' group.  Please see the user manual for a more detailed explanation}, preserve=true aResultDetail=0
00:00:04.317128 nspr-5   WARNING [COM]: aRC=NS_ERROR_FAILURE (0x80004005) aIID={e54f6256-97a7-4947-8a78-10c013ddf4b8} aComponent={HostWrap} aText={VirtualBox is not currently allowed to access USB devices.  You can change this by adding your user to the 'vboxusers' group.  Please see the user manual for a more detailed explanation}, preserve=true aResultDetail=0
00:00:07.072450 nspr-7   Saving settings file "/home/morven/VirtualBox VMs/Ubuntu/Ubuntu.vbox" with version "1.19-linux"
00:00:07.077889 nspr-7   Finished saving settings file "/home/morven/VirtualBox VMs/Ubuntu/Ubuntu.vbox"
00:00:07.278040 nspr-6   ERROR [COM]: aRC=VBOX_E_INVALID_VM_STATE (0x80bb0002) aIID={300763af-5d6b-46e6-aa96-273eac15538a} aComponent={MachineWrap} aText={The machine is not mutable (state is Running)}, preserve=false aResultDetail=0
00:00:07.379972 nspr-2   WARNING [COM]: aRC=NS_ERROR_FAILURE (0x80004005) aIID={e54f6256-97a7-4947-8a78-10c013ddf4b8} aComponent={HostWrap} aText={VirtualBox is not currently allowed to access USB devices.  You can change this by adding your user to the 'vboxusers' group.  Please see the user manual for a more detailed explanation}, preserve=true aResultDetail=0
00:00:07.382423 nspr-6   WARNING [COM]: aRC=NS_ERROR_FAILURE (0x80004005) aIID={e54f6256-97a7-4947-8a78-10c013ddf4b8} aComponent={HostWrap} aText={VirtualBox is not currently allowed to access USB devices.  You can change this by adding your user to the 'vboxusers' group.  Please see the user manual for a more detailed explanation}, preserve=true aResultDetail=0
00:00:07.450176 nspr-4   Saving settings file "/home/morven/VirtualBox VMs/Ubuntu/Ubuntu.vbox" with version "1.19-linux"
00:00:07.456142 nspr-4   Finished saving settings file "/home/morven/VirtualBox VMs/Ubuntu/Ubuntu.vbox"
00:00:07.499784 nspr-5   ERROR [COM]: aRC=VBOX_E_INVALID_VM_STATE (0x80bb0002) aIID={300763af-5d6b-46e6-aa96-273eac15538a} aComponent={MachineWrap} aText={The machine is not mutable (state is Running)}, preserve=false aResultDetail=0
00:00:07.542709 nspr-9   WARNING [COM]: aRC=NS_ERROR_FAILURE (0x80004005) aIID={e54f6256-97a7-4947-8a78-10c013ddf4b8} aComponent={HostWrap} aText={VirtualBox is not currently allowed to access USB devices.  You can change this by adding your user to the 'vboxusers' group.  Please see the user manual for a more detailed explanation}, preserve=true aResultDetail=0
00:00:07.545173 nspr-2   WARNING [COM]: aRC=NS_ERROR_FAILURE (0x80004005) aIID={e54f6256-97a7-4947-8a78-10c013ddf4b8} aComponent={HostWrap} aText={VirtualBox is not currently allowed to access USB devices.  You can change this by adding your user to the 'vboxusers' group.  Please see the user manual for a more detailed explanation}, preserve=true aResultDetail=0
00:00:09.238393 nspr-6   Saving settings file "/home/morven/VirtualBox VMs/Ubuntu/Ubuntu.vbox" with version "1.19-linux"
00:00:09.243057 nspr-6   Finished saving settings file "/home/morven/VirtualBox VMs/Ubuntu/Ubuntu.vbox"
00:00:09.266910 nspr-8   ERROR [COM]: aRC=VBOX_E_INVALID_VM_STATE (0x80bb0002) aIID={300763af-5d6b-46e6-aa96-273eac15538a} aComponent={MachineWrap} aText={The machine is not mutable (state is Running)}, preserve=false aResultDetail=0
00:00:09.310056 nspr-8   WARNING [COM]: aRC=NS_ERROR_FAILURE (0x80004005) aIID={e54f6256-97a7-4947-8a78-10c013ddf4b8} aComponent={HostWrap} aText={VirtualBox is not currently allowed to access USB devices.  You can change this by adding your user to the 'vboxusers' group.  Please see the user manual for a more detailed explanation}, preserve=true aResultDetail=0
00:00:09.311204 nspr-9   WARNING [COM]: aRC=NS_ERROR_FAILURE (0x80004005) aIID={e54f6256-97a7-4947-8a78-10c013ddf4b8} aComponent={HostWrap} aText={VirtualBox is not currently allowed to access USB devices.  You can change this by adding your user to the 'vboxusers' group.  Please see the user manual for a more detailed explanation}, preserve=true aResultDetail=0
00:00:12.962050 nspr-6   Saving settings file "/home/morven/VirtualBox VMs/Ubuntu/Ubuntu.vbox" with version "1.19-linux"
00:00:12.966565 nspr-6   Finished saving settings file "/home/morven/VirtualBox VMs/Ubuntu/Ubuntu.vbox"
00:00:13.014454 nspr-3   ERROR [COM]: aRC=VBOX_E_INVALID_VM_STATE (0x80bb0002) aIID={300763af-5d6b-46e6-aa96-273eac15538a} aComponent={MachineWrap} aText={The machine is not mutable (state is Running)}, preserve=false aResultDetail=0
00:00:13.082534 nspr-4   WARNING [COM]: aRC=NS_ERROR_FAILURE (0x80004005) aIID={e54f6256-97a7-4947-8a78-10c013ddf4b8} aComponent={HostWrap} aText={VirtualBox is not currently allowed to access USB devices.  You can change this by adding your user to the 'vboxusers' group.  Please see the user manual for a more detailed explanation}, preserve=true aResultDetail=0
00:00:13.084608 nspr-9   WARNING [COM]: aRC=NS_ERROR_FAILURE (0x80004005) aIID={e54f6256-97a7-4947-8a78-10c013ddf4b8} aComponent={HostWrap} aText={VirtualBox is not currently allowed to access USB devices.  You can change this by adding your user to the 'vboxusers' group.  Please see the user manual for a more detailed explanation}, preserve=true aResultDetail=0
00:00:31.457731 nspr-4   Saving settings file "/home/morven/VirtualBox VMs/Ubuntu/Ubuntu.vbox" with version "1.19-linux"
00:00:31.466605 nspr-4   Finished saving settings file "/home/morven/VirtualBox VMs/Ubuntu/Ubuntu.vbox"
00:00:31.550285 nspr-3   ERROR [COM]: aRC=VBOX_E_INVALID_VM_STATE (0x80bb0002) aIID={300763af-5d6b-46e6-aa96-273eac15538a} aComponent={MachineWrap} aText={The machine is not mutable (state is Running)}, preserve=false aResultDetail=0
00:00:31.627031 nspr-4   WARNING [COM]: aRC=NS_ERROR_FAILURE (0x80004005) aIID={e54f6256-97a7-4947-8a78-10c013ddf4b8} aComponent={HostWrap} aText={VirtualBox is not currently allowed to access USB devices.  You can change this by adding your user to the 'vboxusers' group.  Please see the user manual for a more detailed explanation}, preserve=true aResultDetail=0
00:00:31.631122 nspr-5   WARNING [COM]: aRC=NS_ERROR_FAILURE (0x80004005) aIID={e54f6256-97a7-4947-8a78-10c013ddf4b8} aComponent={HostWrap} aText={VirtualBox is not currently allowed to access USB devices.  You can change this by adding your user to the 'vboxusers' group.  Please see the user manual for a more detailed explanation}, preserve=true aResultDetail=0
00:02:12.627151 nspr-9   Saving settings file "/home/morven/VirtualBox VMs/Ubuntu/Ubuntu.vbox" with version "1.19-linux"
00:02:12.631625 nspr-9   Finished saving settings file "/home/morven/VirtualBox VMs/Ubuntu/Ubuntu.vbox"
00:02:12.641759 nspr-8   Saving settings file "/home/morven/VirtualBox VMs/Ubuntu/Ubuntu.vbox" with version "1.19-linux"
00:02:12.645880 nspr-8   Finished saving settings file "/home/morven/VirtualBox VMs/Ubuntu/Ubuntu.vbox"
00:02:12.677043 nspr-8   ERROR [COM]: aRC=VBOX_E_INVALID_VM_STATE (0x80bb0002) aIID={300763af-5d6b-46e6-aa96-273eac15538a} aComponent={MachineWrap} aText={The machine is not mutable (state is Running)}, preserve=false aResultDetail=0
00:02:12.714935 nspr-2   WARNING [COM]: aRC=NS_ERROR_FAILURE (0x80004005) aIID={e54f6256-97a7-4947-8a78-10c013ddf4b8} aComponent={HostWrap} aText={VirtualBox is not currently allowed to access USB devices.  You can change this by adding your user to the 'vboxusers' group.  Please see the user manual for a more detailed explanation}, preserve=true aResultDetail=0
00:02:12.716729 nspr-5   WARNING [COM]: aRC=NS_ERROR_FAILURE (0x80004005) aIID={e54f6256-97a7-4947-8a78-10c013ddf4b8} aComponent={HostWrap} aText={VirtualBox is not currently allowed to access USB devices.  You can change this by adding your user to the 'vboxusers' group.  Please see the user manual for a more detailed explanation}, preserve=true aResultDetail=0
00:02:17.860884 nspr-9   Saving settings file "/home/morven/VirtualBox VMs/Ubuntu/Ubuntu.vbox" with version "1.19-linux"
00:02:17.866825 nspr-9   Finished saving settings file "/home/morven/VirtualBox VMs/Ubuntu/Ubuntu.vbox"
00:02:17.901503 nspr-5   ERROR [COM]: aRC=VBOX_E_INVALID_VM_STATE (0x80bb0002) aIID={300763af-5d6b-46e6-aa96-273eac15538a} aComponent={MachineWrap} aText={The machine is not mutable (state is Running)}, preserve=false aResultDetail=0
00:02:17.924022 nspr-5   WARNING [COM]: aRC=NS_ERROR_FAILURE (0x80004005) aIID={e54f6256-97a7-4947-8a78-10c013ddf4b8} aComponent={HostWrap} aText={VirtualBox is not currently allowed to access USB devices.  You can change this by adding your user to the 'vboxusers' group.  Please see the user manual for a more detailed explanation}, preserve=true aResultDetail=0
00:02:17.925887 nspr-4   WARNING [COM]: aRC=NS_ERROR_FAILURE (0x80004005) aIID={e54f6256-97a7-4947-8a78-10c013ddf4b8} aComponent={HostWrap} aText={VirtualBox is not currently allowed to access USB devices.  You can change this by adding your user to the 'vboxusers' group.  Please see the user manual for a more detailed explanation}, preserve=true aResultDetail=0
00:02:18.426177 nspr-9   Saving settings file "/home/morven/VirtualBox VMs/Ubuntu/Ubuntu.vbox" with version "1.19-linux"
00:02:18.431085 nspr-9   Finished saving settings file "/home/morven/VirtualBox VMs/Ubuntu/Ubuntu.vbox"
00:02:18.453811 nspr-7   ERROR [COM]: aRC=VBOX_E_INVALID_VM_STATE (0x80bb0002) aIID={300763af-5d6b-46e6-aa96-273eac15538a} aComponent={MachineWrap} aText={The machine is not mutable (state is Running)}, preserve=false aResultDetail=0
00:02:18.494106 nspr-7   WARNING [COM]: aRC=NS_ERROR_FAILURE (0x80004005) aIID={e54f6256-97a7-4947-8a78-10c013ddf4b8} aComponent={HostWrap} aText={VirtualBox is not currently allowed to access USB devices.  You can change this by adding your user to the 'vboxusers' group.  Please see the user manual for a more detailed explanation}, preserve=true aResultDetail=0
00:02:18.495137 nspr-5   WARNING [COM]: aRC=NS_ERROR_FAILURE (0x80004005) aIID={e54f6256-97a7-4947-8a78-10c013ddf4b8} aComponent={HostWrap} aText={VirtualBox is not currently allowed to access USB devices.  You can change this by adding your user to the 'vboxusers' group.  Please see the user manual for a more detailed explanation}, preserve=true aResultDetail=0
00:02:23.698624 nspr-7   Saving settings file "/home/morven/VirtualBox VMs/Ubuntu/Ubuntu.vbox" with version "1.19-linux"
00:02:23.703595 nspr-7   Finished saving settings file "/home/morven/VirtualBox VMs/Ubuntu/Ubuntu.vbox"
00:02:23.745588 nspr-6   Saving settings file "/home/morven/VirtualBox VMs/Ubuntu/Ubuntu.vbox" with version "1.19-linux"
00:02:23.750014 nspr-6   Finished saving settings file "/home/morven/VirtualBox VMs/Ubuntu/Ubuntu.vbox"
00:02:23.766865 nspr-2   ERROR [COM]: aRC=VBOX_E_INVALID_VM_STATE (0x80bb0002) aIID={300763af-5d6b-46e6-aa96-273eac15538a} aComponent={MachineWrap} aText={The machine is not mutable (state is Running)}, preserve=false aResultDetail=0
00:02:23.796921 nspr-6   Saving settings file "/home/morven/VirtualBox VMs/Ubuntu/Ubuntu.vbox" with version "1.19-linux"
00:02:23.801381 nspr-6   Finished saving settings file "/home/morven/VirtualBox VMs/Ubuntu/Ubuntu.vbox"
00:02:23.827761 nspr-3   ERROR [COM]: aRC=VBOX_E_INVALID_VM_STATE (0x80bb0002) aIID={300763af-5d6b-46e6-aa96-273eac15538a} aComponent={MachineWrap} aText={The machine is not mutable (state is Running)}, preserve=false aResultDetail=0
00:02:23.835499 nspr-3   Saving settings file "/home/morven/VirtualBox VMs/Ubuntu/Ubuntu.vbox" with version "1.19-linux"
00:02:23.840005 nspr-3   Finished saving settings file "/home/morven/VirtualBox VMs/Ubuntu/Ubuntu.vbox"
00:02:23.904319 nspr-9   ERROR [COM]: aRC=VBOX_E_INVALID_VM_STATE (0x80bb0002) aIID={300763af-5d6b-46e6-aa96-273eac15538a} aComponent={MachineWrap} aText={The machine is not mutable (state is Running)}, preserve=false aResultDetail=0
00:02:23.909539 nspr-7   Saving settings file "/home/morven/VirtualBox VMs/Ubuntu/Ubuntu.vbox" with version "1.19-linux"
00:02:23.914730 nspr-7   Finished saving settings file "/home/morven/VirtualBox VMs/Ubuntu/Ubuntu.vbox"
00:02:23.947402 nspr-8   Saving settings file "/home/morven/VirtualBox VMs/Ubuntu/Ubuntu.vbox" with version "1.19-linux"
00:02:23.952689 nspr-8   Finished saving settings file "/home/morven/VirtualBox VMs/Ubuntu/Ubuntu.vbox"
00:02:23.993917 nspr-8   Saving settings file "/home/morven/VirtualBox VMs/Ubuntu/Ubuntu.vbox" with version "1.19-linux"
00:02:23.998622 nspr-8   Finished saving settings file "/home/morven/VirtualBox VMs/Ubuntu/Ubuntu.vbox"
00:02:24.030511 nspr-2   ERROR [COM]: aRC=VBOX_E_INVALID_VM_STATE (0x80bb0002) aIID={300763af-5d6b-46e6-aa96-273eac15538a} aComponent={MachineWrap} aText={The machine is not mutable (state is Running)}, preserve=false aResultDetail=0
00:02:24.040576 nspr-2   Saving settings file "/home/morven/VirtualBox VMs/Ubuntu/Ubuntu.vbox" with version "1.19-linux"
00:02:24.045557 nspr-2   Finished saving settings file "/home/morven/VirtualBox VMs/Ubuntu/Ubuntu.vbox"
00:02:24.080152 nspr-8   ERROR [COM]: aRC=VBOX_E_INVALID_VM_STATE (0x80bb0002) aIID={300763af-5d6b-46e6-aa96-273eac15538a} aComponent={MachineWrap} aText={The machine is not mutable (state is Running)}, preserve=false aResultDetail=0
00:02:24.112315 nspr-8   Saving settings file "/home/morven/VirtualBox VMs/Ubuntu/Ubuntu.vbox" with version "1.19-linux"
00:02:24.116612 nspr-8   Finished saving settings file "/home/morven/VirtualBox VMs/Ubuntu/Ubuntu.vbox"
00:02:24.169590 nspr-9   ERROR [COM]: aRC=VBOX_E_INVALID_VM_STATE (0x80bb0002) aIID={300763af-5d6b-46e6-aa96-273eac15538a} aComponent={MachineWrap} aText={The machine is not mutable (state is Running)}, preserve=false aResultDetail=0
00:02:24.180359 nspr-6   Saving settings file "/home/morven/VirtualBox VMs/Ubuntu/Ubuntu.vbox" with version "1.19-linux"
00:02:24.186096 nspr-6   Finished saving settings file "/home/morven/VirtualBox VMs/Ubuntu/Ubuntu.vbox"
00:02:24.244270 nspr-2   ERROR [COM]: aRC=VBOX_E_INVALID_VM_STATE (0x80bb0002) aIID={300763af-5d6b-46e6-aa96-273eac15538a} aComponent={MachineWrap} aText={The machine is not mutable (state is Running)}, preserve=false aResultDetail=0
00:02:24.287633 nspr-2   WARNING [COM]: aRC=NS_ERROR_FAILURE (0x80004005) aIID={e54f6256-97a7-4947-8a78-10c013ddf4b8} aComponent={HostWrap} aText={VirtualBox is not currently allowed to access USB devices.  You can change this by adding your user to the 'vboxusers' group.  Please see the user manual for a more detailed explanation}, preserve=true aResultDetail=0
00:02:24.289171 nspr-9   WARNING [COM]: aRC=NS_ERROR_FAILURE (0x80004005) aIID={e54f6256-97a7-4947-8a78-10c013ddf4b8} aComponent={HostWrap} aText={VirtualBox is not currently allowed to access USB devices.  You can change this by adding your user to the 'vboxusers' group.  Please see the user manual for a more detailed explanation}, preserve=true aResultDetail=0
00:02:24.454154 nspr-5   Saving settings file "/home/morven/VirtualBox VMs/Ubuntu/Ubuntu.vbox" with version "1.19-linux"
00:02:24.460134 nspr-5   Finished saving settings file "/home/morven/VirtualBox VMs/Ubuntu/Ubuntu.vbox"
00:02:24.491335 nspr-4   ERROR [COM]: aRC=VBOX_E_INVALID_VM_STATE (0x80bb0002) aIID={300763af-5d6b-46e6-aa96-273eac15538a} aComponent={MachineWrap} aText={The machine is not mutable (state is Running)}, preserve=false aResultDetail=0
00:02:24.542000 nspr-5   WARNING [COM]: aRC=NS_ERROR_FAILURE (0x80004005) aIID={e54f6256-97a7-4947-8a78-10c013ddf4b8} aComponent={HostWrap} aText={VirtualBox is not currently allowed to access USB devices.  You can change this by adding your user to the 'vboxusers' group.  Please see the user manual for a more detailed explanation}, preserve=true aResultDetail=0
00:02:24.543459 nspr-8   WARNING [COM]: aRC=NS_ERROR_FAILURE (0x80004005) aIID={e54f6256-97a7-4947-8a78-10c013ddf4b8} aComponent={HostWrap} aText={VirtualBox is not currently allowed to access USB devices.  You can change this by adding your user to the 'vboxusers' group.  Please see the user manual for a more detailed explanation}, preserve=true aResultDetail=0
00:02:24.804905 nspr-4   Saving settings file "/home/morven/VirtualBox VMs/Ubuntu/Ubuntu.vbox" with version "1.19-linux"
00:02:24.809744 nspr-4   Finished saving settings file "/home/morven/VirtualBox VMs/Ubuntu/Ubuntu.vbox"
00:02:24.828794 nspr-8   Saving settings file "/home/morven/VirtualBox VMs/Ubuntu/Ubuntu.vbox" with version "1.19-linux"
00:02:24.833037 nspr-8   Finished saving settings file "/home/morven/VirtualBox VMs/Ubuntu/Ubuntu.vbox"
00:02:24.851236 nspr-6   ERROR [COM]: aRC=VBOX_E_INVALID_VM_STATE (0x80bb0002) aIID={300763af-5d6b-46e6-aa96-273eac15538a} aComponent={MachineWrap} aText={The machine is not mutable (state is Running)}, preserve=false aResultDetail=0
00:02:24.887586 nspr-3   WARNING [COM]: aRC=NS_ERROR_FAILURE (0x80004005) aIID={e54f6256-97a7-4947-8a78-10c013ddf4b8} aComponent={HostWrap} aText={VirtualBox is not currently allowed to access USB devices.  You can change this by adding your user to the 'vboxusers' group.  Please see the user manual for a more detailed explanation}, preserve=true aResultDetail=0
00:02:24.889030 nspr-2   WARNING [COM]: aRC=NS_ERROR_FAILURE (0x80004005) aIID={e54f6256-97a7-4947-8a78-10c013ddf4b8} aComponent={HostWrap} aText={VirtualBox is not currently allowed to access USB devices.  You can change this by adding your user to the 'vboxusers' group.  Please see the user manual for a more detailed explanation}, preserve=true aResultDetail=0
00:02:26.360765 nspr-2   Saving settings file "/home/morven/VirtualBox VMs/Ubuntu/Ubuntu.vbox" with version "1.19-linux"
00:02:26.366030 nspr-2   Finished saving settings file "/home/morven/VirtualBox VMs/Ubuntu/Ubuntu.vbox"
00:02:26.401952 nspr-5   ERROR [COM]: aRC=VBOX_E_INVALID_VM_STATE (0x80bb0002) aIID={300763af-5d6b-46e6-aa96-273eac15538a} aComponent={MachineWrap} aText={The machine is not mutable (state is Running)}, preserve=false aResultDetail=0
00:02:26.452702 nspr-7   WARNING [COM]: aRC=NS_ERROR_FAILURE (0x80004005) aIID={e54f6256-97a7-4947-8a78-10c013ddf4b8} aComponent={HostWrap} aText={VirtualBox is not currently allowed to access USB devices.  You can change this by adding your user to the 'vboxusers' group.  Please see the user manual for a more detailed explanation}, preserve=true aResultDetail=0
00:02:26.454402 nspr-4   WARNING [COM]: aRC=NS_ERROR_FAILURE (0x80004005) aIID={e54f6256-97a7-4947-8a78-10c013ddf4b8} aComponent={HostWrap} aText={VirtualBox is not currently allowed to access USB devices.  You can change this by adding your user to the 'vboxusers' group.  Please see the user manual for a more detailed explanation}, preserve=true aResultDetail=0
00:02:28.739778 nspr-8   Saving settings file "/home/morven/VirtualBox VMs/Ubuntu/Ubuntu.vbox" with version "1.19-linux"
00:02:28.745104 nspr-8   Finished saving settings file "/home/morven/VirtualBox VMs/Ubuntu/Ubuntu.vbox"
00:02:28.786041 nspr-4   ERROR [COM]: aRC=VBOX_E_INVALID_VM_STATE (0x80bb0002) aIID={300763af-5d6b-46e6-aa96-273eac15538a} aComponent={MachineWrap} aText={The machine is not mutable (state is Running)}, preserve=false aResultDetail=0
00:02:28.811289 nspr-4   Saving settings file "/home/morven/VirtualBox VMs/Ubuntu/Ubuntu.vbox" with version "1.19-linux"
00:02:28.815655 nspr-4   Finished saving settings file "/home/morven/VirtualBox VMs/Ubuntu/Ubuntu.vbox"
00:02:28.859568 nspr-5   Saving settings file "/home/morven/VirtualBox VMs/Ubuntu/Ubuntu.vbox" with version "1.19-linux"
00:02:28.863920 nspr-5   Finished saving settings file "/home/morven/VirtualBox VMs/Ubuntu/Ubuntu.vbox"
00:02:28.892033 nspr-4   ERROR [COM]: aRC=VBOX_E_INVALID_VM_STATE (0x80bb0002) aIID={300763af-5d6b-46e6-aa96-273eac15538a} aComponent={MachineWrap} aText={The machine is not mutable (state is Running)}, preserve=false aResultDetail=0
00:02:28.921037 nspr-2   Saving settings file "/home/morven/VirtualBox VMs/Ubuntu/Ubuntu.vbox" with version "1.19-linux"
00:02:28.925738 nspr-2   Finished saving settings file "/home/morven/VirtualBox VMs/Ubuntu/Ubuntu.vbox"
00:02:28.978110 nspr-6   ERROR [COM]: aRC=VBOX_E_INVALID_VM_STATE (0x80bb0002) aIID={300763af-5d6b-46e6-aa96-273eac15538a} aComponent={MachineWrap} aText={The machine is not mutable (state is Running)}, preserve=false aResultDetail=0
00:02:29.002140 nspr-8   Saving settings file "/home/morven/VirtualBox VMs/Ubuntu/Ubuntu.vbox" with version "1.19-linux"
00:02:29.006996 nspr-8   Finished saving settings file "/home/morven/VirtualBox VMs/Ubuntu/Ubuntu.vbox"
00:02:29.055161 nspr-8   ERROR [COM]: aRC=VBOX_E_INVALID_VM_STATE (0x80bb0002) aIID={300763af-5d6b-46e6-aa96-273eac15538a} aComponent={MachineWrap} aText={The machine is not mutable (state is Running)}, preserve=false aResultDetail=0
00:02:29.058707 nspr-8   Saving settings file "/home/morven/VirtualBox VMs/Ubuntu/Ubuntu.vbox" with version "1.19-linux"
00:02:29.062656 nspr-8   Finished saving settings file "/home/morven/VirtualBox VMs/Ubuntu/Ubuntu.vbox"
00:02:29.120255 nspr-9   ERROR [COM]: aRC=VBOX_E_INVALID_VM_STATE (0x80bb0002) aIID={300763af-5d6b-46e6-aa96-273eac15538a} aComponent={MachineWrap} aText={The machine is not mutable (state is Running)}, preserve=false aResultDetail=0
00:02:29.157241 nspr-4   WARNING [COM]: aRC=NS_ERROR_FAILURE (0x80004005) aIID={e54f6256-97a7-4947-8a78-10c013ddf4b8} aComponent={HostWrap} aText={VirtualBox is not currently allowed to access USB devices.  You can change this by adding your user to the 'vboxusers' group.  Please see the user manual for a more detailed explanation}, preserve=true aResultDetail=0
00:02:29.158849 nspr-9   WARNING [COM]: aRC=NS_ERROR_FAILURE (0x80004005) aIID={e54f6256-97a7-4947-8a78-10c013ddf4b8} aComponent={HostWrap} aText={VirtualBox is not currently allowed to access USB devices.  You can change this by adding your user to the 'vboxusers' group.  Please see the user manual for a more detailed explanation}, preserve=true aResultDetail=0
00:02:29.370773 nspr-5   Saving settings file "/home/morven/VirtualBox VMs/Ubuntu/Ubuntu.vbox" with version "1.19-linux"
00:02:29.377980 nspr-5   Finished saving settings file "/home/morven/VirtualBox VMs/Ubuntu/Ubuntu.vbox"
00:02:29.416272 nspr-4   ERROR [COM]: aRC=VBOX_E_INVALID_VM_STATE (0x80bb0002) aIID={300763af-5d6b-46e6-aa96-273eac15538a} aComponent={MachineWrap} aText={The machine is not mutable (state is Running)}, preserve=false aResultDetail=0
00:02:29.454415 nspr-3   WARNING [COM]: aRC=NS_ERROR_FAILURE (0x80004005) aIID={e54f6256-97a7-4947-8a78-10c013ddf4b8} aComponent={HostWrap} aText={VirtualBox is not currently allowed to access USB devices.  You can change this by adding your user to the 'vboxusers' group.  Please see the user manual for a more detailed explanation}, preserve=true aResultDetail=0
00:02:29.456032 nspr-2   WARNING [COM]: aRC=NS_ERROR_FAILURE (0x80004005) aIID={e54f6256-97a7-4947-8a78-10c013ddf4b8} aComponent={HostWrap} aText={VirtualBox is not currently allowed to access USB devices.  You can change this by adding your user to the 'vboxusers' group.  Please see the user manual for a more detailed explanation}, preserve=true aResultDetail=0
00:06:56.735989 nspr-2   WARNING [COM]: aRC=NS_ERROR_FAILURE (0x80004005) aIID={e54f6256-97a7-4947-8a78-10c013ddf4b8} aComponent={HostWrap} aText={VirtualBox is not currently allowed to access USB devices.  You can change this by adding your user to the 'vboxusers' group.  Please see the user manual for a more detailed explanation}, preserve=true aResultDetail=0
00:06:56.772598 nspr-5   Saving settings file "/home/morven/VirtualBox VMs/Ubuntu/Ubuntu.vbox" with version "1.19-linux"
00:06:56.778364 nspr-5   Finished saving settings file "/home/morven/VirtualBox VMs/Ubuntu/Ubuntu.vbox"
00:06:56.779060 nspr-2   ERROR [COM]: aRC=VBOX_E_INVALID_VM_STATE (0x80bb0002) aIID={300763af-5d6b-46e6-aa96-273eac15538a} aComponent={MachineWrap} aText={The machine is not mutable (state is PoweredOff)}, preserve=false aResultDetail=0
00:06:56.788002 nspr-2   WARNING [COM]: aRC=NS_ERROR_FAILURE (0x80004005) aIID={e54f6256-97a7-4947-8a78-10c013ddf4b8} aComponent={HostWrap} aText={VirtualBox is not currently allowed to access USB devices.  You can change this by adding your user to the 'vboxusers' group.  Please see the user manual for a more detailed explanation}, preserve=true aResultDetail=0
00:06:56.818889 nspr-4   ERROR [COM]: aRC=VBOX_E_INVALID_VM_STATE (0x80bb0002) aIID={300763af-5d6b-46e6-aa96-273eac15538a} aComponent={MachineWrap} aText={The machine is not mutable (state is PoweredOff)}, preserve=false aResultDetail=0
00:06:56.838998 nspr-2   WARNING [COM]: aRC=NS_ERROR_FAILURE (0x80004005) aIID={e54f6256-97a7-4947-8a78-10c013ddf4b8} aComponent={HostWrap} aText={VirtualBox is not currently allowed to access USB devices.  You can change this by adding your user to the 'vboxusers' group.  Please see the user manual for a more detailed explanation}, preserve=true aResultDetail=0
00:06:56.840469 nspr-5   WARNING [COM]: aRC=NS_ERROR_FAILURE (0x80004005) aIID={e54f6256-97a7-4947-8a78-10c013ddf4b8} aComponent={HostWrap} aText={VirtualBox is not currently allowed to access USB devices.  You can change this by adding your user to the 'vboxusers' group.  Please see the user manual for a more detailed explanation}, preserve=true aResultDetail=0
00:06:58.386648 nspr-5   ERROR [COM]: aRC=VBOX_E_INVALID_VM_STATE (0x80bb0002) aIID={300763af-5d6b-46e6-aa96-273eac15538a} aComponent={MachineWrap} aText={The machine is not mutable (state is PoweredOff)}, preserve=false aResultDetail=0
00:06:58.418428 nspr-2   WARNING [COM]: aRC=NS_ERROR_FAILURE (0x80004005) aIID={e54f6256-97a7-4947-8a78-10c013ddf4b8} aComponent={HostWrap} aText={VirtualBox is not currently allowed to access USB devices.  You can change this by adding your user to the 'vboxusers' group.  Please see the user manual for a more detailed explanation}, preserve=true aResultDetail=0
00:06:58.419920 nspr-7   WARNING [COM]: aRC=NS_ERROR_FAILURE (0x80004005) aIID={e54f6256-97a7-4947-8a78-10c013ddf4b8} aComponent={HostWrap} aText={VirtualBox is not currently allowed to access USB devices.  You can change this by adding your user to the 'vboxusers' group.  Please see the user manual for a more detailed explanation}, preserve=true aResultDetail=0
00:07:55.940692 main     VirtualBox: object deletion starts
00:07:55.940754 main     ERROR [COM]: aRC=VBOX_E_OBJECT_IN_USE (0x80bb000c) aIID={ad47ad09-787b-44ab-b343-a082a3f2dfb1} aComponent={MediumWrap} aText={Medium '/home/morven/VirtualBox VMs/Ubuntu/Ubuntu.vdi' cannot be closed because it is still attached to 1 virtual machines}, preserve=false aResultDetail=0
00:07:55.941948 main     HostDnsMonitor: shutting down ...
00:07:55.945641 main     HostDnsMonitor: shut down
00:07:55.956830 Watcher  ERROR [COM]: aRC=E_ACCESSDENIED (0x80070005) aIID={7682d5eb-f00e-44f1-8ca2-99d08b1cd607} aComponent={VirtualBoxWrap} aText={The object is not ready}, preserve=false aResultDetail=0
00:07:55.956962 main     VirtualBox: object deleted
